[9:29:10 PM] WebSocket connected: User 1 (Total clients: 1)
[9:29:11 PM] WebSocket disconnected. Total clients remaining: 0
[9:29:21 PM] WebSocket connected: User 1 (Total clients: 1)
[9:29:21 PM] WebSocket disconnected. Total clients remaining: 0
[9:45:34 PM] WebSocket connected: User 1 (Total clients: 1)
[9:46:18 PM] WebSocket disconnected. Total clients remaining: 0
[11:09:06 PM] WebSocket connected: User 1 (Total clients: 1)
[11:09:23 PM] WebSocket disconnected. Total clients remaining: 0
[11:09:30 PM] WebSocket connected: User 1 (Total clients: 1)
[11:10:54 PM] WebSocket connected: User 1000 (Total clients: 2)
[11:32:42 PM] WebSocket disconnected. Total clients remaining: 1
[11:32:42 PM] WebSocket disconnected. Total clients remaining: 0
[1:43:25 PM] WebSocket connected: User 1 (Total clients: 1)
[1:43:44 PM] WebSocket disconnected. Total clients remaining: 0
[1:44:03 PM] WebSocket connected: User 1 (Total clients: 1)
[1:44:32 PM] WebSocket disconnected. Total clients remaining: 0
[1:44:38 PM] WebSocket connected: User 1000 (Total clients: 1)
[1:44:41 PM] User 1000 joined room/channel: velum_announcements
[1:44:42 PM] User 1000 joined room/channel: velum_general
[1:44:43 PM] User 1000 joined room/channel: velum_offtopic
[1:44:49 PM] User 1000 joined room/channel: velum_support
[1:44:52 PM] User 1000 joined room/channel: velum_announcements
[1:44:54 PM] User 1000 joined room/channel: velum_general
[1:44:54 PM] User 1000 joined room/channel: velum_offtopic
[1:44:58 PM] User 1000 joined room/channel: velum_announcements
[1:44:59 PM] User 1000 joined room/channel: velum_executives
[1:45:11 PM] WebSocket connected: User 1 (Total clients: 2)
[1:45:29 PM] WebSocket disconnected. Total clients remaining: 1
[1:45:30 PM] WebSocket disconnected. Total clients remaining: 0
[1:45:32 PM] WebSocket connected: User 1 (Total clients: 1)
[1:47:07 PM] WebSocket connected: User 1 (Total clients: 2)
[1:47:07 PM] WebSocket disconnected. Total clients remaining: 1
[1:47:07 PM] WebSocket connected: User 1000 (Total clients: 2)
[1:47:10 PM] User 1000 joined room/channel: velum_announcements
[1:47:15 PM] User 1000 joined room/channel: velum_announcements
[1:47:18 PM] User 1000 joined room/channel: velum_general
[1:47:19 PM] User 1000 joined room/channel: velum_offtopic
[1:47:20 PM] User 1000 joined room/channel: velum_support
[1:47:21 PM] User 1000 joined room/channel: velum_marketplace
[1:47:23 PM] WebSocket disconnected. Total clients remaining: 1
[1:48:07 PM] WebSocket disconnected. Total clients remaining: 0
[1:48:58 PM] WebSocket connected: User 1 (Total clients: 1)
[1:49:37 PM] WebSocket disconnected. Total clients remaining: 0
[1:52:44 PM] WebSocket connected: User 1 (Total clients: 1)
[1:53:37 PM] WebSocket disconnected. Total clients remaining: 0
[2:12:06 PM] WebSocket connected: User 1 (Total clients: 1)
[2:12:08 PM] WebSocket connected: User 1000 (Total clients: 2)
[2:12:11 PM] User 1000 joined room/channel: velum_announcements
[2:12:15 PM] WebSocket disconnected. Total clients remaining: 1
[2:12:16 PM] User 1000 joined room/channel: velum_announcements
[2:14:08 PM] WebSocket disconnected. Total clients remaining: 0
[2:20:22 PM] WebSocket connected: User 1000 (Total clients: 1)
[2:20:31 PM] WebSocket connected: User 1 (Total clients: 2)
[2:20:31 PM] WebSocket disconnected. Total clients remaining: 1
[2:20:44 PM] WebSocket connected: User 1000 (Total clients: 2)
[2:20:48 PM] WebSocket disconnected. Total clients remaining: 1
[2:21:16 PM] WebSocket connected: User 1 (Total clients: 2)
[2:21:31 PM] WebSocket disconnected. Total clients remaining: 1
[2:21:45 PM] WebSocket connected: User 1000 (Total clients: 2)
[2:22:00 PM] WebSocket disconnected. Total clients remaining: 1
[2:22:04 PM] WebSocket disconnected. Total clients remaining: 0
[2:22:14 PM] WebSocket connected: User 2 (Total clients: 1)
[2:22:34 PM] WebSocket disconnected. Total clients remaining: 0
[2:22:35 PM] WebSocket connected: User 1000 (Total clients: 1)
[2:23:34 PM] WebSocket disconnected. Total clients remaining: 0
[5:18:50 PM] WebSocket connected: User 1000 (Total clients: 1)
[5:20:06 PM] User 1000 joined room/channel: dm_velum_1000
[5:20:08 PM] User 1000 joined room/channel: velum_announcements
[5:20:30 PM] WebSocket disconnected. Total clients remaining: 0
[5:20:32 PM] WebSocket connected: User 1000 (Total clients: 1)
[5:20:32 PM] User 1000 joined room/channel: velum_announcements
[5:20:52 PM] WebSocket connected: User 1 (Total clients: 2)
[5:20:52 PM] WebSocket disconnected. Total clients remaining: 1
[5:20:54 PM] WebSocket connected: User 1 (Total clients: 2)
[5:21:17 PM] WebSocket disconnected. Total clients remaining: 1
[5:21:19 PM] WebSocket connected: User 1 (Total clients: 2)
[5:21:51 PM] WebSocket disconnected. Total clients remaining: 1
[5:21:59 PM] WebSocket connected: User 2 (Total clients: 2)
[5:26:26 PM] WebSocket connected: User 1 (Total clients: 3)
[5:27:28 PM] WebSocket disconnected. Total clients remaining: 2
[5:29:25 PM] WebSocket disconnected. Total clients remaining: 1
[5:29:25 PM] WebSocket disconnected. Total clients remaining: 0
[5:38:45 PM] WebSocket connected: User 1000 (Total clients: 1)
[5:39:07 PM] User 1000 joined room/channel: velum_announcements
[5:40:44 PM] WebSocket disconnected. Total clients remaining: 0
[5:40:47 PM] WebSocket connected: User 1000 (Total clients: 1)
[5:40:48 PM] User 1000 joined room/channel: velum_announcements
[5:41:48 PM] WebSocket disconnected. Total clients remaining: 0
[5:41:50 PM] WebSocket connected: User 1000 (Total clients: 1)
[5:41:50 PM] User 1000 joined room/channel: velum_announcements
[5:42:51 PM] WebSocket connected: User 1000 (Total clients: 2)
[5:42:57 PM] User 1000 joined room/channel: velum_announcements
[5:43:02 PM] User 1000 joined room/channel: velum_announcements
[5:43:09 PM] User 1000 joined room/channel: dm_velum_1000
[5:43:10 PM] User 1000 joined room/channel: velum_announcements
[5:44:41 PM] WebSocket disconnected. Total clients remaining: 1
[5:45:05 PM] WebSocket disconnected. Total clients remaining: 0
[6:08:29 PM] WebSocket connected: User 1000 (Total clients: 1)
[6:08:42 PM] WebSocket disconnected. Total clients remaining: 0
[6:10:12 PM] WebSocket connected: User 1000 (Total clients: 1)
[6:10:16 PM] WebSocket disconnected. Total clients remaining: 0
[6:10:17 PM] WebSocket connected: User 1000 (Total clients: 1)
[6:12:06 PM] WebSocket connected: User 1000 (Total clients: 1)
[6:12:08 PM] User 1000 joined room/channel: velum_announcements
[6:16:45 PM] WebSocket disconnected. Total clients remaining: 0
