[9:25:17 AM] WebSocket connected: User 2 (Total clients: 1)
[10:10:22 AM] WebSocket disconnected. Total clients remaining: 0
[10:10:52 AM] WebSocket connected: User 2 (Total clients: 1)
[12:12:02 PM] WebSocket connected: User 2 (Total clients: 1)
[12:17:27 PM] WebSocket connected: User 2 (Total clients: 1)
[12:18:14 PM] WebSocket disconnected. Total clients remaining: 0
[12:18:15 PM] WebSocket connected: User 2 (Total clients: 1)
[12:18:46 PM] WebSocket connected: User 2 (Total clients: 1)
[12:20:42 PM] WebSocket disconnected. Total clients remaining: 0
[12:20:44 PM] WebSocket connected: User 2 (Total clients: 1)
[12:25:12 PM] WebSocket disconnected. Total clients remaining: 0
[12:25:14 PM] WebSocket connected: User 2 (Total clients: 1)
[12:25:17 PM] WebSocket disconnected. Total clients remaining: 0
[12:25:18 PM] WebSocket connected: User 2 (Total clients: 1)
[12:26:08 PM] WebSocket disconnected. Total clients remaining: 0
[12:26:09 PM] WebSocket connected: User 2 (Total clients: 1)
[12:31:54 PM] WebSocket disconnected. Total clients remaining: 0
[12:31:54 PM] WebSocket connected: User 2 (Total clients: 1)
[12:32:35 PM] WebSocket disconnected. Total clients remaining: 0
[12:32:36 PM] WebSocket connected: User 2 (Total clients: 1)
[12:32:38 PM] WebSocket disconnected. Total clients remaining: 0
[12:32:39 PM] WebSocket connected: User 2 (Total clients: 1)
[12:34:32 PM] WebSocket disconnected. Total clients remaining: 0
[12:34:33 PM] WebSocket connected: User 2 (Total clients: 1)
[12:35:42 PM] WebSocket disconnected. Total clients remaining: 0
[12:35:43 PM] WebSocket connected: User 2 (Total clients: 1)
[12:36:59 PM] WebSocket connected: User 2 (Total clients: 1)
[12:37:19 PM] WebSocket disconnected. Total clients remaining: 0
[12:37:22 PM] WebSocket connected: User 2 (Total clients: 1)
[12:38:58 PM] WebSocket disconnected. Total clients remaining: 0
[12:38:58 PM] WebSocket connected: User 2 (Total clients: 1)
[12:42:18 PM] WebSocket disconnected. Total clients remaining: 0
[12:42:20 PM] WebSocket connected: User 2 (Total clients: 1)
[12:44:59 PM] WebSocket disconnected. Total clients remaining: 0
[12:45:00 PM] WebSocket connected: User 2 (Total clients: 1)
[12:45:29 PM] WebSocket disconnected. Total clients remaining: 0
[12:45:29 PM] WebSocket connected: User 2 (Total clients: 1)
[12:51:46 PM] WebSocket disconnected. Total clients remaining: 0
[12:52:01 PM] WebSocket connected: User 1 (Total clients: 1)
[12:59:33 PM] WebSocket disconnected. Total clients remaining: 0
[12:59:48 PM] WebSocket connected: User 2 (Total clients: 1)
[12:59:55 PM] WebSocket disconnected. Total clients remaining: 0
[12:59:56 PM] WebSocket connected: User 2 (Total clients: 1)
[1:00:37 PM] WebSocket connected: User 1 (Total clients: 1)
[1:01:28 PM] WebSocket connected: User 1 (Total clients: 1)
[1:02:58 PM] WebSocket connected: User 1 (Total clients: 1)
[1:04:38 PM] WebSocket connected: User 1 (Total clients: 1)
[1:09:52 PM] WebSocket disconnected. Total clients remaining: 0
[1:09:55 PM] WebSocket connected: User 1 (Total clients: 1)
[1:10:11 PM] WebSocket disconnected. Total clients remaining: 0
[1:10:11 PM] WebSocket connected: User 1 (Total clients: 1)
[1:11:15 PM] WebSocket disconnected. Total clients remaining: 0
[1:11:16 PM] WebSocket connected: User 1 (Total clients: 1)
[1:11:21 PM] WebSocket disconnected. Total clients remaining: 0
[1:11:22 PM] WebSocket connected: User 1 (Total clients: 1)
[1:24:59 PM] WebSocket connected: User 2 (Total clients: 1)
[1:25:04 PM] WebSocket disconnected. Total clients remaining: 0
[1:25:04 PM] WebSocket connected: User 2 (Total clients: 1)
[1:26:43 PM] WebSocket disconnected. Total clients remaining: 0
[1:26:43 PM] WebSocket connected: User 2 (Total clients: 1)
[1:27:15 PM] WebSocket connected: User 2 (Total clients: 1)
[1:28:07 PM] WebSocket disconnected. Total clients remaining: 0
[1:28:08 PM] WebSocket connected: User 2 (Total clients: 1)
[1:40:38 PM] WebSocket disconnected. Total clients remaining: 0
[1:40:55 PM] WebSocket connected: User 1000 (Total clients: 1)
[1:41:32 PM] WebSocket disconnected. Total clients remaining: 0
[1:41:33 PM] WebSocket connected: User 1000 (Total clients: 1)
[1:41:54 PM] WebSocket disconnected. Total clients remaining: 0
[1:42:28 PM] WebSocket connected: User 1001 (Total clients: 1)
[1:42:58 PM] WebSocket disconnected. Total clients remaining: 0
[1:43:09 PM] WebSocket connected: User 1000 (Total clients: 1)
[1:43:17 PM] WebSocket disconnected. Total clients remaining: 0
[1:43:18 PM] WebSocket connected: User 1000 (Total clients: 1)
[1:43:36 PM] WebSocket disconnected. Total clients remaining: 0
[1:43:59 PM] WebSocket connected: User 2 (Total clients: 1)
[1:44:25 PM] WebSocket disconnected. Total clients remaining: 0
[1:44:26 PM] WebSocket connected: User 2 (Total clients: 1)
[1:44:31 PM] WebSocket disconnected. Total clients remaining: 0
[1:44:32 PM] WebSocket connected: User 2 (Total clients: 1)
[1:47:35 PM] WebSocket disconnected. Total clients remaining: 0
[1:47:36 PM] WebSocket connected: User 2 (Total clients: 1)
[1:48:07 PM] WebSocket disconnected. Total clients remaining: 0
[1:48:08 PM] WebSocket connected: User 2 (Total clients: 1)
[1:53:39 PM] WebSocket disconnected. Total clients remaining: 0
[1:53:41 PM] WebSocket connected: User 2 (Total clients: 1)
[1:53:58 PM] WebSocket disconnected. Total clients remaining: 0
[1:53:59 PM] WebSocket connected: User 2 (Total clients: 1)
[1:54:23 PM] WebSocket disconnected. Total clients remaining: 0
[1:54:23 PM] WebSocket connected: User 2 (Total clients: 1)
[1:58:11 PM] WebSocket disconnected. Total clients remaining: 0
[1:58:11 PM] WebSocket connected: User 2 (Total clients: 1)
[2:00:08 PM] WebSocket disconnected. Total clients remaining: 0
[2:00:08 PM] WebSocket connected: User 2 (Total clients: 1)
[2:02:05 PM] WebSocket disconnected. Total clients remaining: 0
[2:02:07 PM] WebSocket connected: User 2 (Total clients: 1)
[2:05:00 PM] WebSocket disconnected. Total clients remaining: 0
[2:05:19 PM] WebSocket connected: User 1000 (Total clients: 1)
[2:06:04 PM] User 1000 joined room/channel: general
[2:06:21 PM] User 1000 joined room/channel: general
[2:06:43 PM] User 1000 joined room/channel: dm_1000_1001
[2:08:08 PM] User 1000 joined room/channel: dm_1000_1001
[2:08:38 PM] User 1000 joined room/channel: dm_velum_1000
[2:09:31 PM] WebSocket disconnected. Total clients remaining: 0
[2:09:32 PM] WebSocket connected: User 1000 (Total clients: 1)
[2:11:20 PM] WebSocket disconnected. Total clients remaining: 0
[2:11:35 PM] WebSocket connected: User 2 (Total clients: 1)
[2:30:47 PM] WebSocket disconnected. Total clients remaining: 0
[2:30:50 PM] WebSocket connected: User 2 (Total clients: 1)
[2:30:53 PM] WebSocket disconnected. Total clients remaining: 0
[2:31:07 PM] WebSocket connected: User 1000 (Total clients: 1)
[2:32:28 PM] WebSocket disconnected. Total clients remaining: 0
[2:32:30 PM] WebSocket connected: User 1000 (Total clients: 1)
[2:33:29 PM] User 1000 joined room/channel: general
[2:33:44 PM] User 1000 joined room/channel: general
[2:34:07 PM] User 1000 joined room/channel: general
[2:34:12 PM] User 1000 joined room/channel: general
